[18:54:03] [main/INFO]: Loading Minecraft 1.19 with Fabric Loader 0.14.8
[18:54:03] [main/INFO]: Fabric is preparing JARs on first launch, this may take a few seconds...
[18:54:03] [main/WARN]: Warnings were found!
 - Mod 'BetterF3' (betterf3) 1.3.1 recommends version 3.0.0 or later of modmenu, which is missing!
	 - You should install version 3.0.0 or later of modmenu for the optimal experience.
 - Mod 'Reese's Sodium Options' (reeses-sodium-options) 1.4.3+mc1.19-build.43 recommends version 0.4.2 or later of sodium-extra, which is missing!
	 - You should install version 0.4.2 or later of sodium-extra for the optimal experience.
[18:54:03] [main/INFO]: Loading 78 mods:
	- architectury 5.7.27
	- auudio 1.0.3
	- betterbeds 1.2.0
	- bettercommandblock 2.5.10
	- betterf3 1.3.1
	- bettermounthud 1.1.4
	- betterpingdisplay 1.1.1
	- bettertaskbar 1.4
	- brb 1.6.0
	- cloth-basic-math 0.6.1 via cloth-config
	- cloth-config 7.0.72
	- com_github_llamalad7_mixinextras 0.0.10 via cull-less-leaves
	- com_logisticscraft_occlusionculling 0.0.6-SNAPSHOT via entityculling
	- cull-less-leaves 1.0.2
	- entityculling 1.5.2-mc1.19
	- essential-container 1.0.0
	- essential-loader 1.0.0 via essential-container
	- fabric 0.56.0+1.19
	- fabric-api-base 0.4.9+e62f51a3a9 via fabric
	- fabric-api-lookup-api-v1 1.6.7+9ff28f40a9 via fabric
	- fabric-biome-api-v1 9.0.13+b2a4a624a9 via fabric
	- fabric-blockrenderlayer-v1 1.1.18+9ff28f40a9 via fabric
	- fabric-command-api-v1 1.2.5+f71b366fa9 via fabric
	- fabric-command-api-v2 2.1.1+cda9839ba9 via fabric
	- fabric-commands-v0 0.2.22+df3654b3a9 via fabric
	- fabric-containers-v0 0.1.27+df3654b3a9 via fabric
	- fabric-content-registries-v0 3.1.0+4a3ec384a9 via fabric
	- fabric-convention-tags-v1 1.0.8+37622d24a9 via fabric
	- fabric-crash-report-info-v1 0.2.3+bd0a0d4aa9 via fabric
	- fabric-data-generation-api-v1 5.0.1+2a5b9210a9 via fabric
	- fabric-dimensions-v1 2.1.27+72da3b3da9 via fabric
	- fabric-entity-events-v1 1.4.16+9ff28f40a9 via fabric
	- fabric-events-interaction-v0 0.4.26+9ff28f40a9 via fabric
	- fabric-events-lifecycle-v0 0.2.25+df3654b3a9 via fabric
	- fabric-game-rule-api-v1 1.0.19+18990361a9 via fabric
	- fabric-item-api-v1 1.5.4+767db26ea9 via fabric
	- fabric-item-groups-v0 0.3.23+9ff28f40a9 via fabric
	- fabric-key-binding-api-v1 1.0.18+9ff28f40a9 via fabric
	- fabric-keybindings-v0 0.2.16+df3654b3a9 via fabric
	- fabric-lifecycle-events-v1 2.1.0+33fbc738a9 via fabric
	- fabric-loot-api-v2 1.0.1+9e7660c6a9 via fabric
	- fabric-loot-tables-v1 1.1.1+9e7660c6a9 via fabric
	- fabric-message-api-v1 1.0.1+513f4a59a9 via fabric
	- fabric-mining-level-api-v1 2.1.8+33fbc738a9 via fabric
	- fabric-models-v0 0.3.15+9ff28f40a9 via fabric
	- fabric-networking-api-v1 1.0.27+7fe97409a9 via fabric
	- fabric-networking-v0 0.3.14+df3654b3a9 via fabric
	- fabric-object-builder-api-v1 4.0.5+9ff28f40a9 via fabric
	- fabric-particles-v1 1.0.8+dc39553aa9 via fabric
	- fabric-registry-sync-v0 0.9.16+92cf9a3ea9 via fabric
	- fabric-renderer-api-v1 1.0.8+9ff28f40a9 via fabric
	- fabric-renderer-indigo 0.6.6+9ff28f40a9 via fabric
	- fabric-renderer-registries-v1 3.2.18+df3654b3a9 via fabric
	- fabric-rendering-data-attachment-v1 0.3.12+9ff28f40a9 via fabric
	- fabric-rendering-fluids-v1 3.0.5+9ff28f40a9 via fabric
	- fabric-rendering-v0 1.1.20+df3654b3a9 via fabric
	- fabric-rendering-v1 1.10.14+9ff28f40a9 via fabric
	- fabric-resource-conditions-api-v1 2.0.9+e62f51a3a9 via fabric
	- fabric-resource-loader-v0 0.5.3+9e7660c6a9 via betterf3
	- fabric-screen-api-v1 1.0.23+9ff28f40a9 via fabric
	- fabric-screen-handler-api-v1 1.2.6+9ff28f40a9 via fabric
	- fabric-textures-v0 1.0.18+9ff28f40a9 via fabric
	- fabric-transfer-api-v1 2.0.9+e62f51a3a9 via fabric
	- fabric-transitive-access-wideners-v1 1.1.1+9e7660c6a9 via fabric
	- fabricloader 0.14.8
	- fancymenu 2.8.0
	- fmextension_audio 1.1.0
	- java 17
	- konkrete 1.3.3
	- lithium 0.8.0
	- me_hypherionmc_simple-rpc-common 3.0.1 via simple-rpc
	- minecraft 1.19
	- mousetweaks 2.22
	- org_joml_joml 1.10.4 via sodium
	- phosphor 0.8.1
	- reeses-sodium-options 1.4.3+mc1.19-build.43
	- simple-rpc 3.0.2
	- sodium 0.4.2+build.16
[18:54:03] [main/INFO]: SpongePowered MIXIN Subsystem Version=0.8.5 Source=file:/Users/tristanpoland/Documents/curseforge/minecraft/Install/libraries/net/fabricmc/sponge-mixin/0.11.4+mixin.0.8.5/sponge-mixin-0.11.4+mixin.0.8.5.jar Service=Knot/Fabric Env=CLIENT
[18:54:03] [main/INFO]: Compatibility level set to JAVA_16
[18:54:03] [main/INFO]: Compatibility level set to JAVA_17
[18:54:04] [main/INFO]: Loaded configuration file for Lithium: 94 options available, 0 override(s) found
[18:54:04] [main/INFO]: Loaded configuration file for Sodium: 29 options available, 0 override(s) found
[18:54:06] [main/WARN]: Configuration conflict: there is more than one oshi.properties file on the classpath
[18:54:06] [main/WARN]: Configuration conflict: there is more than one oshi.architecture.properties file on the classpath
[18:54:09] [main/INFO]: Building optimized datafixer
[18:54:14] [Render thread/INFO]: Environment: authHost='https://authserver.mojang.com', accountsHost='https://api.mojang.com', sessionHost='https://sessionserver.mojang.com', servicesHost='https://api.minecraftservices.com', name='PROD'
[18:54:14] [Render thread/INFO]: Setting user: Trident_For_U
[18:54:14] [Render thread/INFO]: Initialized!
[18:54:14] [Render thread/INFO]: BetterPingDisplay mod loaded
[18:54:14] [Render thread/INFO]: Loading Potions...
[18:54:15] [Render thread/INFO]: [KONKRETE] Successfully initialized!
[18:54:15] [Render thread/INFO]: [KONKRETE] Server-side libs ready to use!
[18:54:15] [Render thread/INFO]: [BetterF3] Loading...
[18:54:15] [Render thread/INFO]: [BetterF3] All done!
[18:54:15] [Render thread/INFO]: [Indigo] Different rendering plugin detected; not applying Indigo.
[18:54:15] [Render thread/INFO]: [STDOUT]: [Mouse Tweaks] Main.initialize()
[18:54:15] [Render thread/INFO]: [STDOUT]: [Mouse Tweaks] Initialized.
[18:54:16] [Render thread/INFO]: Using Default JreDnsResolver
[18:54:16] [Render thread/INFO]: OptiFine not detected.
[18:54:17] [Render thread/INFO]: Backend library: LWJGL version 3.3.1 SNAPSHOT
[18:54:18] [Render thread/WARN]: Static binding violation: PRIVATE @Overwrite method method_23182 in sodium.mixins.json:features.item.MixinItemRenderer from mod sodium cannot reduce visibiliy of PUBLIC target method, visibility will be upgraded.
[18:54:19] [Render thread/INFO]: Starting DI!
[18:54:19] [Render thread/INFO]: Environment: authHost='https://authserver.mojang.com', accountsHost='https://api.mojang.com', sessionHost='https://sessionserver.mojang.com', servicesHost='https://api.minecraftservices.com', name='PROD'
[18:54:19] [Thread 3/INFO]: Connecting to Essential Connection Manager...
[18:54:19] [Thread 3/INFO]: Using Default JreSocketFactory
[18:54:20] [Render thread/INFO]: Reloading ResourceManager: Default, Fabric Mods (Better Beds, IDE Better Command Block, BetterF3, Better Ping Display, Better Taskbar, Better Recipe Book, Cloth Config v6, Cull Less Leaves, EntityCulling-Fabric, essential-container, essential-loader, Fabric API, Fabric API Base, Fabric API Lookup API (v1), Fabric Biome API (v1), Fabric BlockRenderLayer Registration (v1), Fabric Command API (v1), Fabric Command API (v2), Fabric Commands (v0), Fabric Containers (v0), Fabric Content Registries (v0), Fabric Convention Tags, Fabric Crash Report Info (v1), Fabric Data Generation API (v1), Fabric Dimensions API (v1), Fabric Entity Events (v1), Fabric Events Interaction (v0), Fabric Events Lifecycle (v0), Fabric Game Rule API (v1), Fabric Item API (v1), Fabric Item Groups (v0), Fabric Key Binding API (v1), Fabric Key Bindings (v0), Fabric Lifecycle Events (v1), Fabric Loot API (v2), Fabric Loot Tables (v1), Fabric Message API (v1), Fabric Mining Level API (v1), Fabric Models (v0), Fabric Networking API (v1), Fabric Networking (v0), Fabric Object Builder API (v1), Fabric Particles (v1), Fabric Registry Sync (v0), Fabric Renderer API (v1), Fabric Renderer - Indigo, Fabric Renderer Registries (v1), Fabric Rendering Data Attachment (v1), Fabric Rendering Fluids (v1), Fabric Rendering (v0), Fabric Rendering (v1), Fabric Resource Conditions API (v1), Fabric Resource Loader (v0), Fabric Screen API (v1), Fabric Screen Handler API (v1), Fabric Textures (v0), Fabric Transfer API (v1), Fabric Transitive Access Wideners (v1), Fabric Loader, FancyMenu, FancyMenu Audio Extension, Konkrete, Lithium, Phosphor, Reese's Sodium Options, Simple RPC, Sodium, Essential), Essential (fabric_1.19).jar
[18:54:20] [Render thread/INFO]: [KONKRETE] Client-side libs ready to use!
[18:54:20] [Render thread/INFO]: [STDOUT]: [KONKRETE] Running PostLoadingEvents for mod: fancymenu
[18:54:20] [WebSocketConnectReadThread-77/INFO]: Opened connection to Essential ConnectionManager (code=101, message=Switching Protocols)
[18:54:20] [Thread 3/INFO]: Essential Connection Manager connection established.
[18:54:20] [Render thread/INFO]: [STDOUT]: [KONKRETE] PostLoadingEvents completed for mod: fancymenu
[18:54:20] [Render thread/INFO]: [STDOUT]: [KONKRETE] Running PostLoadingEvents for mod: fmextension_audio
[18:54:20] [Render thread/INFO]: [STDOUT]: [KONKRETE] PostLoadingEvents completed for mod: fmextension_audio
[18:54:20] [Render thread/WARN]: Better taskbar unsupported OS or architecture
[18:54:21] [Render thread/WARN]: Shader 953babc61b7d3bc9bfd95a62e6dc933dc8629aeb could not find uniform named subpixel_amount in the specified shader program.
[18:54:25] [Render thread/WARN]: Missing sound for event: minecraft:item.goat_horn.play
[18:54:25] [Render thread/WARN]: Missing sound for event: minecraft:entity.goat.screaming.horn_break
[18:54:25] [Render thread/INFO]: OpenAL initialized on device CoreAudio Default
[18:54:25] [Render thread/INFO]: Sound engine started
[18:54:26] [Render thread/INFO]: Created: 1024x1024x4 minecraft:textures/atlas/blocks.png-atlas
[18:54:26] [Render thread/INFO]: Created: 256x128x4 minecraft:textures/atlas/signs.png-atlas
[18:54:26] [Render thread/INFO]: Created: 1024x512x4 minecraft:textures/atlas/banner_patterns.png-atlas
[18:54:26] [Render thread/INFO]: Created: 1024x512x4 minecraft:textures/atlas/shield_patterns.png-atlas
[18:54:26] [Render thread/INFO]: Created: 256x256x4 minecraft:textures/atlas/chest.png-atlas
[18:54:26] [Render thread/INFO]: Created: 512x256x4 minecraft:textures/atlas/beds.png-atlas
[18:54:26] [Render thread/INFO]: Created: 512x256x4 minecraft:textures/atlas/shulker_boxes.png-atlas
[18:54:27] [Render thread/WARN]: Shader rendertype_entity_translucent_emissive could not find sampler named Sampler2 in the specified shader program.
[18:54:28] [Render thread/INFO]: Created: 512x256x0 minecraft:textures/atlas/particles.png-atlas
[18:54:28] [Render thread/INFO]: Created: 256x256x0 minecraft:textures/atlas/paintings.png-atlas
[18:54:28] [Render thread/INFO]: Created: 256x128x0 minecraft:textures/atlas/mob_effects.png-atlas
[18:54:30] [Render thread/INFO]: [FANCYMENU] Updating animation sizes..
[18:54:36] [Render thread/INFO]: Animated skins loaded and ready to use!
[18:54:36] [Render thread/ERROR]: Signature is missing from textures payload
[18:54:36] [Render thread/INFO]: Reloading sounds!
[18:54:36] [Render thread/INFO]: Running post-reload tasks..
[18:56:14] [Worker-Bootstrap-6/INFO]: 4256 Datafixer optimizations took 124945 milliseconds
